<?xml version="1.0" encoding="UTF-8"?>
<!-- Generated by org.testng.reporters.JUnitXMLReporter -->
<testsuite ignored="0" hostname="DESKTOP-LB6NNST" failures="0" tests="4" name="Test" time="26.711" errors="0" timestamp="2022-06-14T10:48:15 IST">
  <testcase classname="test_Classes.VerifyUserCanAddAmount" name="verifyUserCanLogin" time="6.144"/>
  <testcase classname="test_Classes.VerifyUserCanAddAmount" name="verifyUserCanOpenFundPage" time="2.96"/>
  <testcase classname="test_Classes.VerifyUserCanAddAmount" name="verifyUserCanAddAmount" time="1.318"/>
  <testcase classname="test_Classes.VerifyUserCanWithdrawAmount" name="VerifyUserCanLogin" time="6.072"/>
</testsuite> <!-- Test -->
