<?xml version="1.0" encoding="UTF-8"?>
<testng-results ignored="0" total="4" passed="4" failed="0" skipped="0">
  <reporter-output>
  </reporter-output>
  <suite started-at="2022-06-14T10:47:48 IST" name="Suite" finished-at="2022-06-14T10:48:15 IST" duration-ms="26711">
    <groups>
    </groups>
    <test started-at="2022-06-14T10:47:48 IST" name="Test" finished-at="2022-06-14T10:48:15 IST" duration-ms="26711">
      <class name="test_Classes.VerifyUserCanWithdrawAmount">
        <test-method is-config="true" signature="beforeClass(java.lang.String)[pri:0, instance:test_Classes.VerifyUserCanWithdrawAmount@c8c12ac]" started-at="2022-06-14T10:48:04 IST" name="beforeClass" finished-at="2022-06-14T10:48:09 IST" duration-ms="4588" status="PASS">
          <params>
            <param index="0">
              <value>
                <![CDATA[chrome]]>
              </value>
            </param>
          </params>
          <reporter-output>
          </reporter-output>
        </test-method> <!-- beforeClass -->
        <test-method is-config="true" signature="beforeMethod()[pri:0, instance:test_Classes.VerifyUserCanWithdrawAmount@c8c12ac]" started-at="2022-06-14T10:48:09 IST" name="beforeMethod" finished-at="2022-06-14T10:48:09 IST" duration-ms="0" status="PASS">
          <reporter-output>
          </reporter-output>
        </test-method> <!-- beforeMethod -->
        <test-method signature="VerifyUserCanLogin()[pri:0, instance:test_Classes.VerifyUserCanWithdrawAmount@c8c12ac]" started-at="2022-06-14T10:48:09 IST" name="VerifyUserCanLogin" finished-at="2022-06-14T10:48:15 IST" duration-ms="6072" status="PASS">
          <reporter-output>
          </reporter-output>
        </test-method> <!-- VerifyUserCanLogin -->
        <test-method is-config="true" signature="afterMethod(org.testng.ITestResult)[pri:0, instance:test_Classes.VerifyUserCanWithdrawAmount@c8c12ac]" started-at="2022-06-14T10:48:15 IST" name="afterMethod" finished-at="2022-06-14T10:48:15 IST" duration-ms="0" status="PASS">
          <params>
            <param index="0">
              <value>
                <![CDATA[[TestResult name=VerifyUserCanLogin status=SUCCESS method=VerifyUserCanWithdrawAmount.VerifyUserCanLogin()[pri:0, instance:test_Classes.VerifyUserCanWithdrawAmount@c8c12ac] output={null}]]]>
              </value>
            </param>
          </params>
          <reporter-output>
          </reporter-output>
        </test-method> <!-- afterMethod -->
        <test-method is-config="true" signature="afterClass()[pri:0, instance:test_Classes.VerifyUserCanWithdrawAmount@c8c12ac]" started-at="2022-06-14T10:48:15 IST" name="afterClass" finished-at="2022-06-14T10:48:15 IST" duration-ms="69" status="PASS">
          <reporter-output>
          </reporter-output>
        </test-method> <!-- afterClass -->
      </class> <!-- test_Classes.VerifyUserCanWithdrawAmount -->
      <class name="test_Classes.VerifyUserCanAddAmount">
        <test-method is-config="true" signature="beforeClass(java.lang.String)[pri:0, instance:test_Classes.VerifyUserCanAddAmount@131774fe]" started-at="2022-06-14T10:47:48 IST" name="beforeClass" finished-at="2022-06-14T10:47:54 IST" duration-ms="5137" status="PASS">
          <params>
            <param index="0">
              <value>
                <![CDATA[chrome]]>
              </value>
            </param>
          </params>
          <reporter-output>
          </reporter-output>
        </test-method> <!-- beforeClass -->
        <test-method is-config="true" signature="beforeMethod()[pri:0, instance:test_Classes.VerifyUserCanAddAmount@131774fe]" started-at="2022-06-14T10:47:54 IST" name="beforeMethod" finished-at="2022-06-14T10:47:54 IST" duration-ms="16" status="PASS">
          <reporter-output>
          </reporter-output>
        </test-method> <!-- beforeMethod -->
        <test-method signature="verifyUserCanLogin()[pri:0, instance:test_Classes.VerifyUserCanAddAmount@131774fe]" started-at="2022-06-14T10:47:54 IST" name="verifyUserCanLogin" finished-at="2022-06-14T10:48:00 IST" duration-ms="6144" status="PASS">
          <reporter-output>
          </reporter-output>
        </test-method> <!-- verifyUserCanLogin -->
        <test-method is-config="true" signature="afterMethod(org.testng.ITestResult)[pri:0, instance:test_Classes.VerifyUserCanAddAmount@131774fe]" started-at="2022-06-14T10:48:00 IST" name="afterMethod" finished-at="2022-06-14T10:48:00 IST" duration-ms="3" status="PASS">
          <params>
            <param index="0">
              <value>
                <![CDATA[[TestResult name=verifyUserCanLogin status=SUCCESS method=VerifyUserCanAddAmount.verifyUserCanLogin()[pri:0, instance:test_Classes.VerifyUserCanAddAmount@131774fe] output={null}]]]>
              </value>
            </param>
          </params>
          <reporter-output>
          </reporter-output>
        </test-method> <!-- afterMethod -->
        <test-method is-config="true" signature="beforeMethod()[pri:0, instance:test_Classes.VerifyUserCanAddAmount@131774fe]" started-at="2022-06-14T10:48:00 IST" name="beforeMethod" finished-at="2022-06-14T10:48:00 IST" duration-ms="1" status="PASS">
          <reporter-output>
          </reporter-output>
        </test-method> <!-- beforeMethod -->
        <test-method signature="verifyUserCanOpenFundPage()[pri:0, instance:test_Classes.VerifyUserCanAddAmount@131774fe]" started-at="2022-06-14T10:48:00 IST" name="verifyUserCanOpenFundPage" finished-at="2022-06-14T10:48:03 IST" duration-ms="2960" status="PASS">
          <reporter-output>
          </reporter-output>
        </test-method> <!-- verifyUserCanOpenFundPage -->
        <test-method is-config="true" signature="afterMethod(org.testng.ITestResult)[pri:0, instance:test_Classes.VerifyUserCanAddAmount@131774fe]" started-at="2022-06-14T10:48:03 IST" name="afterMethod" finished-at="2022-06-14T10:48:03 IST" duration-ms="0" status="PASS">
          <params>
            <param index="0">
              <value>
                <![CDATA[[TestResult name=verifyUserCanOpenFundPage status=SUCCESS method=VerifyUserCanAddAmount.verifyUserCanOpenFundPage()[pri:0, instance:test_Classes.VerifyUserCanAddAmount@131774fe] output={null}]]]>
              </value>
            </param>
          </params>
          <reporter-output>
          </reporter-output>
        </test-method> <!-- afterMethod -->
        <test-method is-config="true" signature="beforeMethod()[pri:0, instance:test_Classes.VerifyUserCanAddAmount@131774fe]" started-at="2022-06-14T10:48:03 IST" name="beforeMethod" finished-at="2022-06-14T10:48:03 IST" duration-ms="1" status="PASS">
          <reporter-output>
          </reporter-output>
        </test-method> <!-- beforeMethod -->
        <test-method signature="verifyUserCanAddAmount()[pri:0, instance:test_Classes.VerifyUserCanAddAmount@131774fe]" started-at="2022-06-14T10:48:03 IST" name="verifyUserCanAddAmount" finished-at="2022-06-14T10:48:04 IST" duration-ms="1318" status="PASS">
          <reporter-output>
          </reporter-output>
        </test-method> <!-- verifyUserCanAddAmount -->
        <test-method is-config="true" signature="afterMethod(org.testng.ITestResult)[pri:0, instance:test_Classes.VerifyUserCanAddAmount@131774fe]" started-at="2022-06-14T10:48:04 IST" name="afterMethod" finished-at="2022-06-14T10:48:04 IST" duration-ms="0" status="PASS">
          <params>
            <param index="0">
              <value>
                <![CDATA[[TestResult name=verifyUserCanAddAmount status=SUCCESS method=VerifyUserCanAddAmount.verifyUserCanAddAmount()[pri:0, instance:test_Classes.VerifyUserCanAddAmount@131774fe] output={null}]]]>
              </value>
            </param>
          </params>
          <reporter-output>
          </reporter-output>
        </test-method> <!-- afterMethod -->
        <test-method is-config="true" signature="afterClass()[pri:0, instance:test_Classes.VerifyUserCanAddAmount@131774fe]" started-at="2022-06-14T10:48:04 IST" name="afterClass" finished-at="2022-06-14T10:48:04 IST" duration-ms="377" status="PASS">
          <reporter-output>
          </reporter-output>
        </test-method> <!-- afterClass -->
      </class> <!-- test_Classes.VerifyUserCanAddAmount -->
    </test> <!-- Test -->
  </suite> <!-- Suite -->
</testng-results>
